<?xml version="1.0" encoding="UTF-8"?>
<!-- Generated by org.testng.reporters.JUnitReportReporter -->
<testsuite hostname="raviteja-sunkara" failures="0" tests="3" name="TestNg_projects.TestNg1" time="0.008" errors="0" timestamp="2021-10-25T21:47:38 IST" skipped="0">
  <testcase classname="TestNg_projects.TestNg1" name="substraction" time="0.001"/>
  <system-out/>
  <testcase classname="TestNg_projects.TestNg1" name="division" time="0.001"/>
  <system-out/>
  <testcase classname="TestNg_projects.TestNg1" name="addition" time="0.006"/>
  <system-out/>
</testsuite> <!-- TestNg_projects.TestNg1 -->
