<?xml version="1.0" encoding="UTF-8"?>
<!-- Generated by org.testng.reporters.JUnitReportReporter -->
<testsuite hostname="raviteja-sunkara" failures="0" tests="4" name="TestNg_projects.TestNg4" time="0.009" errors="0" timestamp="2021-10-25T16:47:33 IST" skipped="0">
  <testcase classname="TestNg_projects.TestNg4" name="loginModule" time="0.006"/>
  <system-out/>
  <testcase classname="TestNg_projects.TestNg4" name="desktopPage" time="0.001"/>
  <system-out/>
  <testcase classname="TestNg_projects.TestNg4" name="phonePage" time="0.001"/>
  <system-out/>
  <testcase classname="TestNg_projects.TestNg4" name="forgotPasswordPage" time="0.001"/>
  <system-out/>
</testsuite> <!-- TestNg_projects.TestNg4 -->
