<?xml version="1.0" encoding="UTF-8"?>
<!-- Generated by org.testng.reporters.JUnitReportReporter -->
<testsuite hostname="raviteja" failures="0" tests="2" name="TestNg_projects.TestNg6" time="0.002" errors="0" timestamp="2021-09-02T08:03:02 IST" skipped="0">
  <testcase classname="TestNg_projects.TestNg6" name="getData" time="0.001"/>
  <system-out/>
  <testcase classname="TestNg_projects.TestNg6" name="getData" time="0.001"/>
  <system-out/>
</testsuite> <!-- TestNg_projects.TestNg6 -->
