<?xml version="1.0" encoding="UTF-8"?>
<!-- Generated by org.testng.reporters.JUnitReportReporter -->
<testsuite hostname="raviteja-sunkara" failures="0" tests="2" name="TestNg_projects.dataprovider3" time="0.007" errors="0" timestamp="2021-10-25T22:52:59 IST" skipped="0">
  <testcase classname="TestNg_projects.dataprovider3" name="getData" time="0.001"/>
  <system-out/>
  <testcase classname="TestNg_projects.dataprovider3" name="getData" time="0.006"/>
  <system-out/>
</testsuite> <!-- TestNg_projects.dataprovider3 -->
