<?xml version="1.0" encoding="UTF-8"?>
<!-- Generated by org.testng.reporters.JUnitReportReporter -->
<testsuite hostname="raviteja-sunkara" failures="0" tests="2" name="TestNg_projects.TestNg2" time="0.006" errors="0" timestamp="2021-10-25T21:47:54 IST" skipped="0">
  <testcase classname="TestNg_projects.TestNg2" name="test" time="0.004"/>
  <system-out/>
  <testcase classname="TestNg_projects.TestNg2" name="test2" time="0.002"/>
  <system-out/>
</testsuite> <!-- TestNg_projects.TestNg2 -->
