<?xml version="1.0" encoding="UTF-8"?>
<!-- Generated by org.testng.reporters.JUnitReportReporter -->
<testsuite hostname="raviteja-sunkara" failures="0" tests="1" name="TestNg_projects.TestNg3" time="4.478" errors="0" timestamp="2021-10-25T21:48:55 IST" skipped="0">
  <testcase classname="TestNg_projects.TestNg3" name="login" time="4.478"/>
  <system-out/>
</testsuite> <!-- TestNg_projects.TestNg3 -->
